#
# There is insufficient memory for the Java Runtime Environment to continue.
# Native memory allocation (mmap) failed to map 536870912 bytes for G1 virtual space
# Possible reasons:
#   The system is out of physical RAM or swap space
#   The process is running with CompressedOops enabled, and the Java Heap may be blocking the growth of the native heap
# Possible solutions:
#   Reduce memory load on the system
#   Increase physical memory or swap space
#   Check if swap backing store is full
#   Decrease Java heap size (-Xmx/-Xms)
#   Decrease number of Java threads
#   Decrease Java thread stack sizes (-Xss)
#   Set larger code cache with -XX:ReservedCodeCacheSize=
#   JVM is running with Zero Based Compressed Oops mode in which the Java heap is
#     placed in the first 32GB address space. The Java Heap base address is the
#     maximum limit for the native heap growth. Please use -XX:HeapBaseMinAddress
#     to set the Java Heap base and to place the Java Heap above 32GB virtual address.
# This output file may be truncated or incomplete.
#
#  Out of Memory Error (os_windows.cpp:3469), pid=16208, tid=26792
#
# JRE version:  (17.0.1+12) (build )
# Java VM: OpenJDK 64-Bit Server VM (17.0.1+12, mixed mode, sharing, tiered, compressed oops, compressed class ptrs, g1 gc, windows-amd64)
# No core dump will be written. Minidumps are not enabled by default on client versions of Windows
#

---------------  S U M M A R Y ------------

Command Line: -Dfile.encoding=UTF-8 -XX:+ShowCodeDetailsInExceptionMessages Main

Host: Intel(R) Core(TM) i5-10400F CPU @ 2.90GHz, 12 cores, 31G,  Windows 10 , 64 bit Build 19041 (10.0.19041.3393)
Time: Sun Oct 15 14:23:10 2023 Eastern Daylight Time elapsed time: 0.022005 seconds (0d 0h 0m 0s)

---------------  T H R E A D  ---------------

Current thread (0x000001c8bc7eed70):  JavaThread "Unknown thread" [_thread_in_vm, id=26792, stack(0x000000c79f900000,0x000000c79fa00000)]

Stack: [0x000000c79f900000,0x000000c79fa00000]
Native frames: (J=compiled Java code, j=interpreted, Vv=VM code, C=native code)
V  [jvm.dll+0x6744da]
V  [jvm.dll+0x82e144]
V  [jvm.dll+0x82f8ee]
V  [jvm.dll+0x82ff53]
V  [jvm.dll+0x245175]
V  [jvm.dll+0x6714c9]
V  [jvm.dll+0x665f92]
V  [jvm.dll+0x303c3b]
V  [jvm.dll+0x30b176]
V  [jvm.dll+0x35af1e]
V  [jvm.dll+0x35b14f]
V  [jvm.dll+0x2dab78]
V  [jvm.dll+0x2dbae4]
V  [jvm.dll+0x7ffdf1]
V  [jvm.dll+0x368c91]
V  [jvm.dll+0x7df2cc]
V  [jvm.dll+0x3eb59f]
V  [jvm.dll+0x3ed121]
C  [jli.dll+0x5277]
C  [ucrtbase.dll+0x21bb2]
C  [KERNEL32.DLL+0x17344]
C  [ntdll.dll+0x526b1]


---------------  P R O C E S S  ---------------

Threads class SMR info:
_java_thread_list=0x00007ffe0ec94e58, length=0, elements={
}

Java Threads: ( => current thread )

Other Threads:
  0x000001c8bc862270 GCTaskThread "GC Thread#0" [stack: 0x000000c79fa00000,0x000000c79fb00000] [id=30780]
  0x000001c8bc8745b0 ConcurrentGCThread "G1 Main Marker" [stack: 0x000000c79fb00000,0x000000c79fc00000] [id=28916]
  0x000001c8bc874dd0 ConcurrentGCThread "G1 Conc#0" [stack: 0x000000c79fc00000,0x000000c79fd00000] [id=22736]

[error occurred during error reporting (printing all threads), id 0xc0000005, EXCEPTION_ACCESS_VIOLATION (0xc0000005) at pc=0x00007ffe0e46b5f7]

VM state: not at safepoint (not fully initialized)

VM Mutex/Monitor currently owned by a thread:  ([mutex/lock_event])
[0x000001c8bc7ea240] Heap_lock - owner thread: 0x000001c8bc7eed70

Heap address: 0x0000000603800000, size: 8136 MB, Compressed Oops mode: Zero based, Oop shift amount: 3

CDS archive(s) mapped at: [0x0000000000000000-0x0000000000000000-0x0000000000000000), size 0, SharedBaseAddress: 0x0000000800000000, ArchiveRelocationMode: 0.
Narrow klass base: 0x0000000000000000, Narrow klass shift: 0, Narrow klass range: 0x0

GC Precious Log:
<Empty>

Heap:
 garbage-first heap   total 0K, used 0K [0x0000000603800000, 0x0000000800000000)
  region size 4096K, 0 young (0K), 0 survivors (0K)

[error occurred during error reporting (printing heap information), id 0xc0000005, EXCEPTION_ACCESS_VIOLATION (0xc0000005) at pc=0x00007ffe0e84d729]

GC Heap History (0 events):
No events

Deoptimization events (0 events):
No events

Classes unloaded (0 events):
No events

Classes redefined (0 events):
No events

Internal exceptions (0 events):
No events

VM Operations (0 events):
No events

Events (1 events):
Event: 0.010 Loaded shared library C:\eclipse\plugins\org.eclipse.justj.openjdk.hotspot.jre.full.win32.x86_64_17.0.1.v20211116-1657\jre\bin\java.dll


Dynamic libraries:
0x00007ff64dd20000 - 0x00007ff64dd2e000 	C:\eclipse\plugins\org.eclipse.justj.openjdk.hotspot.jre.full.win32.x86_64_17.0.1.v20211116-1657\jre\bin\javaw.exe
0x00007ffebdff0000 - 0x00007ffebe1e8000 	C:\Windows\SYSTEM32\ntdll.dll
0x00007ffebcdd0000 - 0x00007ffebce8d000 	C:\Windows\System32\KERNEL32.DLL
0x00007ffebb9d0000 - 0x00007ffebbcc6000 	C:\Windows\System32\KERNELBASE.dll
0x00007ffe7f4c0000 - 0x00007ffe7f595000 	C:\Program Files\Bitdefender\Bitdefender Security\bdhkm\dlls_266760215679173785\bdhkm64.dll
0x00007ffe7f360000 - 0x00007ffe7f4b9000 	C:\Program Files\Bitdefender\Bitdefender Security\atcuf\dlls_266760215329955956\atcuf64.dll
0x00007ffebbcd0000 - 0x00007ffebbdd0000 	C:\Windows\System32\ucrtbase.dll
0x00007ffeb6280000 - 0x00007ffeb6298000 	C:\eclipse\plugins\org.eclipse.justj.openjdk.hotspot.jre.full.win32.x86_64_17.0.1.v20211116-1657\jre\bin\jli.dll
0x00007ffebd900000 - 0x00007ffebda9e000 	C:\Windows\System32\USER32.dll
0x00007ffebbf70000 - 0x00007ffebbf92000 	C:\Windows\System32\win32u.dll
0x00007ffebd400000 - 0x00007ffebd42c000 	C:\Windows\System32\GDI32.dll
0x00007ffebbe00000 - 0x00007ffebbf1a000 	C:\Windows\System32\gdi32full.dll
0x00007ffebb760000 - 0x00007ffebb7fd000 	C:\Windows\System32\msvcp_win.dll
0x00007ffeb61c0000 - 0x00007ffeb61d9000 	C:\eclipse\plugins\org.eclipse.justj.openjdk.hotspot.jre.full.win32.x86_64_17.0.1.v20211116-1657\jre\bin\VCRUNTIME140.dll
0x00007ffea0370000 - 0x00007ffea060a000 	C:\Windows\WinSxS\amd64_microsoft.windows.common-controls_6595b64144ccf1df_6.0.19041.1110_none_60b5254171f9507e\COMCTL32.dll
0x00007ffebd500000 - 0x00007ffebd59e000 	C:\Windows\System32\msvcrt.dll
0x00007ffebc250000 - 0x00007ffebc280000 	C:\Windows\System32\IMM32.DLL
0x00007ffeb8b10000 - 0x00007ffeb8b1c000 	C:\eclipse\plugins\org.eclipse.justj.openjdk.hotspot.jre.full.win32.x86_64_17.0.1.v20211116-1657\jre\bin\vcruntime140_1.dll
0x00007ffe81180000 - 0x00007ffe81211000 	C:\eclipse\plugins\org.eclipse.justj.openjdk.hotspot.jre.full.win32.x86_64_17.0.1.v20211116-1657\jre\bin\msvcp140.dll
0x00007ffe0e180000 - 0x00007ffe0edc6000 	C:\eclipse\plugins\org.eclipse.justj.openjdk.hotspot.jre.full.win32.x86_64_17.0.1.v20211116-1657\jre\bin\server\jvm.dll
0x00007ffebc430000 - 0x00007ffebc4de000 	C:\Windows\System32\ADVAPI32.dll
0x00007ffebd020000 - 0x00007ffebd0bc000 	C:\Windows\System32\sechost.dll
0x00007ffebd0c0000 - 0x00007ffebd1e6000 	C:\Windows\System32\RPCRT4.dll
0x00007ffebdf10000 - 0x00007ffebdf18000 	C:\Windows\System32\PSAPI.DLL
0x00007ffeb5c40000 - 0x00007ffeb5c49000 	C:\Windows\SYSTEM32\WSOCK32.dll
0x00007ffebd490000 - 0x00007ffebd4fb000 	C:\Windows\System32\WS2_32.dll
0x00007ffeb6630000 - 0x00007ffeb6657000 	C:\Windows\SYSTEM32\WINMM.dll
0x00007ffeb53b0000 - 0x00007ffeb53ba000 	C:\Windows\SYSTEM32\VERSION.dll
0x00007ffeb94a0000 - 0x00007ffeb94b2000 	C:\Windows\SYSTEM32\kernel.appcore.dll
0x00007ffeb8ac0000 - 0x00007ffeb8aca000 	C:\eclipse\plugins\org.eclipse.justj.openjdk.hotspot.jre.full.win32.x86_64_17.0.1.v20211116-1657\jre\bin\jimage.dll
0x00007ffea21b0000 - 0x00007ffea2394000 	C:\Windows\SYSTEM32\DBGHELP.DLL
0x00007ffe9a540000 - 0x00007ffe9a574000 	C:\Windows\SYSTEM32\dbgcore.DLL
0x00007ffebb6d0000 - 0x00007ffebb752000 	C:\Windows\System32\bcryptPrimitives.dll
0x00007ffe9c1f0000 - 0x00007ffe9c215000 	C:\eclipse\plugins\org.eclipse.justj.openjdk.hotspot.jre.full.win32.x86_64_17.0.1.v20211116-1657\jre\bin\java.dll

dbghelp: loaded successfully - version: 4.0.5 - missing functions: none
symbol engine: initialized successfully - sym options: 0x614 - pdb path: .;C:\eclipse\plugins\org.eclipse.justj.openjdk.hotspot.jre.full.win32.x86_64_17.0.1.v20211116-1657\jre\bin;C:\Windows\SYSTEM32;C:\Program Files\Bitdefender\Bitdefender Security\bdhkm\dlls_266760215679173785;C:\Program Files\Bitdefender\Bitdefender Security\atcuf\dlls_266760215329955956;C:\Windows\WinSxS\amd64_microsoft.windows.common-controls_6595b64144ccf1df_6.0.19041.1110_none_60b5254171f9507e;C:\eclipse\plugins\org.eclipse.justj.openjdk.hotspot.jre.full.win32.x86_64_17.0.1.v20211116-1657\jre\bin\server

VM Arguments:
jvm_args: -Dfile.encoding=UTF-8 -XX:+ShowCodeDetailsInExceptionMessages 
java_command: Main
java_class_path (initial): C:\Users\patri\Desktop\Main\Mohamed\BlackJack\bin
Launcher Type: SUN_STANDARD

[Global flags]
     intx CICompilerCount                          = 4                                         {product} {ergonomic}
     uint ConcGCThreads                            = 3                                         {product} {ergonomic}
     uint G1ConcRefinementThreads                  = 10                                        {product} {ergonomic}
   size_t G1HeapRegionSize                         = 4194304                                   {product} {ergonomic}
    uintx GCDrainStackTargetSize                   = 64                                        {product} {ergonomic}
   size_t InitialHeapSize                          = 536870912                                 {product} {ergonomic}
   size_t MarkStackSize                            = 4194304                                   {product} {ergonomic}
   size_t MaxHeapSize                              = 8531214336                                {product} {ergonomic}
   size_t MinHeapDeltaBytes                        = 4194304                                   {product} {ergonomic}
   size_t MinHeapSize                              = 8388608                                   {product} {ergonomic}
    uintx NonNMethodCodeHeapSize                   = 5839372                                {pd product} {ergonomic}
    uintx NonProfiledCodeHeapSize                  = 122909434                              {pd product} {ergonomic}
    uintx ProfiledCodeHeapSize                     = 122909434                              {pd product} {ergonomic}
    uintx ReservedCodeCacheSize                    = 251658240                              {pd product} {ergonomic}
     bool SegmentedCodeCache                       = true                                      {product} {ergonomic}
     bool ShowCodeDetailsInExceptionMessages       = true                                   {manageable} {command line}
   size_t SoftMaxHeapSize                          = 8531214336                             {manageable} {ergonomic}
     bool UseCompressedClassPointers               = true                           {product lp64_product} {ergonomic}
     bool UseCompressedOops                        = true                           {product lp64_product} {ergonomic}
     bool UseG1GC                                  = true                                      {product} {ergonomic}
     bool UseLargePagesIndividualAllocation        = false                                  {pd product} {ergonomic}

Logging:
Log output configuration:
 #0: stdout all=warning uptime,level,tags
 #1: stderr all=off uptime,level,tags

Environment Variables:
PATH=C:/eclipse//plugins/org.eclipse.justj.openjdk.hotspot.jre.full.win32.x86_64_17.0.1.v20211116-1657/jre/bin/server;C:/eclipse//plugins/org.eclipse.justj.openjdk.hotspot.jre.full.win32.x86_64_17.0.1.v20211116-1657/jre/bin;C:\Program Files\Microsoft\jdk-11.0.16.101-hotspot\bin;C:\Program Files\Common Files\Oracle\Java\javapath;C:\ProgramData\Oracle\Java\javapath;C:\Windows\system32;C:\Windows;C:\Windows\System32\Wbem;C:\Windows\System32\WindowsPowerShell\v1.0\;C:\Windows\System32\OpenSSH\;C:\Program Files (x86)\NVIDIA Corporation\PhysX\Common;C:\Program Files\NVIDIA Corporation\NVIDIA NvDLISR;C:\Program Files\Microsoft SQL Server\Client SDK\ODBC\170\Tools\Binn\;C:\Program Files (x86)\Microsoft SQL Server\150\Tools\Binn\;C:\Program Files\Microsoft SQL Server\150\Tools\Binn\;C:\Program Files\Microsoft SQL Server\150\DTS\Binn\;C:\Program Files\nodejs\;C:\Users\patri\AppData\Roaming\npm;C:\Users\patri\AppData\Local\Programs\Python\Python310\Scripts\;C:\Users\patri\AppData\Local\Programs\Python\Python310\;C:\Users\patri\AppData\Local\Microsoft\WindowsApps;C:\Users\patri\AppData\Local\Programs\Microsoft VS Code\bin;C:\Users\patri\AppData\Local\GitHubDesktop\bin;C:\Users\patri\AppData\Local\atom\bin;C:\Users\patri\.aftman\bin;C:\Users\patri\AppData\Local\JetBrains\Toolbox\scripts;C:\Users\patri\AppData\Roaming\npm;C:\Users\patri\AppData\Local\Programs\Git\cmd;C:\eclipse;
USERNAME=patri
OS=Windows_NT
PROCESSOR_IDENTIFIER=Intel64 Family 6 Model 165 Stepping 3, GenuineIntel



---------------  S Y S T E M  ---------------

OS:
 Windows 10 , 64 bit Build 19041 (10.0.19041.3393)
OS uptime: 10 days 16:41 hours

CPU: total 12 (initial active 12) (6 cores per cpu, 2 threads per core) family 6 model 165 stepping 3 microcode 0xf0, cx8, cmov, fxsr, ht, mmx, 3dnowpref, sse, sse2, sse3, ssse3, sse4.1, sse4.2, popcnt, lzcnt, tsc, tscinvbit, avx, avx2, aes, erms, clmul, bmi1, bmi2, adx, fma, vzeroupper, clflush, clflushopt

Memory: 4k page, system-wide physical 32538M (15881M free)
TotalPageFile size 33562M (AvailPageFile size 228M)
current process WorkingSet (physical memory assigned to process): 13M, peak: 13M
current process commit charge ("private bytes"): 66M, peak: 578M

vm_info: OpenJDK 64-Bit Server VM (17.0.1+12) for windows-amd64 JRE (17.0.1+12), built on Oct 20 2021 07:42:55 by "" with MS VC++ 16.7 (VS2019)

END.
